\BOOKMARK [0][-]{chapter.1}{\376\377\000S\000A\000M\000S\000I\000M\000\040\000S\000e\000m\000i\000-\000A\000d\000a\000p\000t\000i\000v\000e\000\040\000M\000u\000l\000t\000i\000-\000p\000h\000a\000s\000e\000\040\000S\000e\000a\000-\000I\000c\000e\000\040\000M\000o\000d\000e\000l\000\040\000V\0001\000.\0000}{}
\BOOKMARK [0][-]{chapter.2}{\376\377\000M\000o\000d\000u\000l\000e\000s\000\040\000I\000n\000d\000e\000x}{}
\BOOKMARK [1][-]{section.2.1}{\376\377\000M\000o\000d\000u\000l\000e\000s\000\040\000L\000i\000s\000t}{chapter.2}
\BOOKMARK [0][-]{chapter.3}{\376\377\000F\000i\000l\000e\000\040\000I\000n\000d\000e\000x}{}
\BOOKMARK [1][-]{section.3.1}{\376\377\000F\000i\000l\000e\000\040\000L\000i\000s\000t}{chapter.3}
\BOOKMARK [0][-]{chapter.4}{\376\377\000M\000o\000d\000u\000l\000e\000\040\000D\000o\000c\000u\000m\000e\000n\000t\000a\000t\000i\000o\000n}{}
\BOOKMARK [1][-]{section.4.1}{\376\377\000m\000o\000\137\000d\000a\000t\000a\000\040\000M\000o\000d\000u\000l\000e\000\040\000R\000e\000f\000e\000r\000e\000n\000c\000e}{chapter.4}
\BOOKMARK [2][-]{subsection.4.1.1}{\376\377\000D\000e\000t\000a\000i\000l\000e\000d\000\040\000D\000e\000s\000c\000r\000i\000p\000t\000i\000o\000n}{section.4.1}
\BOOKMARK [2][-]{subsection.4.1.2}{\376\377\000V\000a\000r\000i\000a\000b\000l\000e\000\040\000D\000o\000c\000u\000m\000e\000n\000t\000a\000t\000i\000o\000n}{section.4.1}
\BOOKMARK [3][-]{subsubsection.4.1.2.1}{\376\377\000a\000l\000b\000e\000d\000o}{subsection.4.1.2}
\BOOKMARK [3][-]{subsubsection.4.1.2.2}{\376\377\000a\000l\000b\000e\000d\000o\000\137\000f\000l\000a\000g}{subsection.4.1.2}
\BOOKMARK [3][-]{subsubsection.4.1.2.3}{\376\377\000a\000l\000p\000h\000a\000\137\000f\000l\000u\000x\000\137\000i\000n\000s\000t\000a\000b\000l\000e}{subsection.4.1.2}
\BOOKMARK [3][-]{subsubsection.4.1.2.4}{\376\377\000a\000l\000p\000h\000a\000\137\000f\000l\000u\000x\000\137\000s\000t\000a\000b\000l\000e}{subsection.4.1.2}
\BOOKMARK [3][-]{subsubsection.4.1.2.5}{\376\377\000a\000t\000m\000o\000f\000l\000u\000x\000\137\000f\000l\000a\000g}{subsection.4.1.2}
\BOOKMARK [3][-]{subsubsection.4.1.2.6}{\376\377\000b\000g\000c\000\137\000a\000b\000s}{subsection.4.1.2}
\BOOKMARK [3][-]{subsubsection.4.1.2.7}{\376\377\000b\000g\000c\000\137\000b\000o\000t\000t\000o\000m}{subsection.4.1.2}
\BOOKMARK [3][-]{subsubsection.4.1.2.8}{\376\377\000b\000g\000c\000\137\000b\000r}{subsection.4.1.2}
\BOOKMARK [3][-]{subsubsection.4.1.2.9}{\376\377\000b\000g\000c\000\137\000b\000u}{subsection.4.1.2}
\BOOKMARK [3][-]{subsubsection.4.1.2.10}{\376\377\000b\000g\000c\000\137\000f\000l\000a\000g}{subsection.4.1.2}
\BOOKMARK [3][-]{subsubsection.4.1.2.11}{\376\377\000b\000g\000c\000\137\000t\000o\000t\000a\000l}{subsection.4.1.2}
\BOOKMARK [3][-]{subsubsection.4.1.2.12}{\376\377\000b\000o\000t\000t\000o\000m\000\137\000f\000l\000a\000g}{subsection.4.1.2}
\BOOKMARK [3][-]{subsubsection.4.1.2.13}{\376\377\000b\000o\000u\000n\000d\000f\000l\000u\000x\000\137\000f\000l\000a\000g}{subsection.4.1.2}
\BOOKMARK [3][-]{subsubsection.4.1.2.14}{\376\377\000b\000u\000l\000k\000\137\000s\000a\000l\000i\000n}{subsection.4.1.2}
\BOOKMARK [3][-]{subsubsection.4.1.2.15}{\376\377\000d\000e\000b\000u\000g\000\137\000f\000l\000a\000g}{subsection.4.1.2}
\BOOKMARK [3][-]{subsubsection.4.1.2.16}{\376\377\000d\000t}{subsection.4.1.2}
\BOOKMARK [3][-]{subsubsection.4.1.2.17}{\376\377\000e\000n\000e\000r\000g\000y\000\137\000s\000t\000o\000r\000e\000d}{subsection.4.1.2}
\BOOKMARK [3][-]{subsubsection.4.1.2.18}{\376\377\000f\000l\000\137\000b\000r\000i\000n\000e\000\137\000b\000g\000c}{subsection.4.1.2}
\BOOKMARK [3][-]{subsubsection.4.1.2.19}{\376\377\000f\000l\000\137\000l\000a\000t}{subsection.4.1.2}
\BOOKMARK [3][-]{subsubsection.4.1.2.20}{\376\377\000f\000l\000\137\000l\000w}{subsection.4.1.2}
\BOOKMARK [3][-]{subsubsection.4.1.2.21}{\376\377\000f\000l\000\137\000l\000w\000\137\000i\000n\000p\000u\000t}{subsection.4.1.2}
\BOOKMARK [3][-]{subsubsection.4.1.2.22}{\376\377\000f\000l\000\137\000m}{subsection.4.1.2}
\BOOKMARK [3][-]{subsubsection.4.1.2.23}{\376\377\000f\000l\000\137\000Q}{subsection.4.1.2}
\BOOKMARK [3][-]{subsubsection.4.1.2.24}{\376\377\000f\000l\000\137\000q\000\137\000b\000o\000t\000t\000o\000m}{subsection.4.1.2}
\BOOKMARK [3][-]{subsubsection.4.1.2.25}{\376\377\000f\000l\000\137\000q\000\137\000s\000n\000o\000w}{subsection.4.1.2}
\BOOKMARK [3][-]{subsubsection.4.1.2.26}{\376\377\000f\000l\000\137\000r\000a\000d}{subsection.4.1.2}
\BOOKMARK [3][-]{subsubsection.4.1.2.27}{\376\377\000f\000l\000\137\000r\000e\000s\000t}{subsection.4.1.2}
\BOOKMARK [3][-]{subsubsection.4.1.2.28}{\376\377\000f\000l\000\137\000S}{subsection.4.1.2}
\BOOKMARK [3][-]{subsubsection.4.1.2.29}{\376\377\000f\000l\000\137\000s\000e\000n}{subsection.4.1.2}
\BOOKMARK [3][-]{subsubsection.4.1.2.30}{\376\377\000f\000l\000\137\000s\000w}{subsection.4.1.2}
\BOOKMARK [3][-]{subsubsection.4.1.2.31}{\376\377\000f\000l\000\137\000s\000w\000\137\000i\000n\000p\000u\000t}{subsection.4.1.2}
\BOOKMARK [3][-]{subsubsection.4.1.2.32}{\376\377\000f\000l\000o\000o\000d\000\137\000f\000l\000a\000g}{subsection.4.1.2}
\BOOKMARK [3][-]{subsubsection.4.1.2.33}{\376\377\000f\000l\000u\000s\000h\000\137\000f\000l\000a\000g}{subsection.4.1.2}
\BOOKMARK [3][-]{subsubsection.4.1.2.34}{\376\377\000f\000l\000u\000s\000h\000\137\000h\000e\000a\000t\000\137\000f\000l\000a\000g}{subsection.4.1.2}
\BOOKMARK [3][-]{subsubsection.4.1.2.35}{\376\377\000f\000o\000r\000m\000a\000t\000\137\000b\000g\000c}{subsection.4.1.2}
\BOOKMARK [3][-]{subsubsection.4.1.2.36}{\376\377\000f\000o\000r\000m\000a\000t\000\137\000i\000n\000t\000e\000g\000e\000r}{subsection.4.1.2}
\BOOKMARK [3][-]{subsubsection.4.1.2.37}{\376\377\000f\000o\000r\000m\000a\000t\000\137\000p\000s\000i}{subsection.4.1.2}
\BOOKMARK [3][-]{subsubsection.4.1.2.38}{\376\377\000f\000o\000r\000m\000a\000t\000\137\000s\000n\000o\000w}{subsection.4.1.2}
\BOOKMARK [3][-]{subsubsection.4.1.2.39}{\376\377\000f\000o\000r\000m\000a\000t\000\137\000T}{subsection.4.1.2}
\BOOKMARK [3][-]{subsubsection.4.1.2.40}{\376\377\000f\000o\000r\000m\000a\000t\000\137\000T\0002\000m\000\137\000t\000o\000p}{subsection.4.1.2}
\BOOKMARK [3][-]{subsubsection.4.1.2.41}{\376\377\000f\000o\000r\000m\000a\000t\000\137\000t\000h\000i\000c\000k}{subsection.4.1.2}
\BOOKMARK [3][-]{subsubsection.4.1.2.42}{\376\377\000f\000r\000e\000e\000b\000o\000a\000r\000d}{subsection.4.1.2}
\BOOKMARK [3][-]{subsubsection.4.1.2.43}{\376\377\000f\000r\000e\000s\000h\000w\000a\000t\000e\000r}{subsection.4.1.2}
\BOOKMARK [3][-]{subsubsection.4.1.2.44}{\376\377\000g\000r\000a\000v\000\137\000d\000r\000a\000i\000n}{subsection.4.1.2}
\BOOKMARK [3][-]{subsubsection.4.1.2.45}{\376\377\000g\000r\000a\000v\000\137\000f\000l\000a\000g}{subsection.4.1.2}
\BOOKMARK [3][-]{subsubsection.4.1.2.46}{\376\377\000g\000r\000a\000v\000\137\000h\000e\000a\000t\000\137\000f\000l\000a\000g}{subsection.4.1.2}
\BOOKMARK [3][-]{subsubsection.4.1.2.47}{\376\377\000g\000r\000a\000v\000\137\000s\000a\000l\000t}{subsection.4.1.2}
\BOOKMARK [3][-]{subsubsection.4.1.2.48}{\376\377\000g\000r\000a\000v\000\137\000t\000e\000m\000p}{subsection.4.1.2}
\BOOKMARK [3][-]{subsubsection.4.1.2.49}{\376\377\000H}{subsection.4.1.2}
\BOOKMARK [3][-]{subsubsection.4.1.2.50}{\376\377\000H\000\137\000a\000b\000s}{subsection.4.1.2}
\BOOKMARK [3][-]{subsubsection.4.1.2.51}{\376\377\000H\000\137\000a\000b\000s\000\137\000s\000n\000o\000w}{subsection.4.1.2}
\BOOKMARK [3][-]{subsubsection.4.1.2.52}{\376\377\000h\000a\000r\000m\000o\000n\000i\000c\000\137\000f\000l\000a\000g}{subsection.4.1.2}
\BOOKMARK [3][-]{subsubsection.4.1.2.53}{\376\377\000i}{subsection.4.1.2}
\BOOKMARK [3][-]{subsubsection.4.1.2.54}{\376\377\000i\000\137\000t\000i\000m\000e}{subsection.4.1.2}
\BOOKMARK [3][-]{subsubsection.4.1.2.55}{\376\377\000i\000\137\000t\000i\000m\000e\000\137\000o\000u\000t}{subsection.4.1.2}
\BOOKMARK [3][-]{subsubsection.4.1.2.56}{\376\377\000k}{subsection.4.1.2}
\BOOKMARK [3][-]{subsubsection.4.1.2.57}{\376\377\000L\000e\000n\000g\000t\000h\000\137\000I\000n\000p\000u\000t}{subsection.4.1.2}
\BOOKMARK [3][-]{subsubsection.4.1.2.58}{\376\377\000l\000i\000q\000u\000i\000d\000\137\000p\000r\000e\000c\000i\000p}{subsection.4.1.2}
\BOOKMARK [3][-]{subsubsection.4.1.2.59}{\376\377\000m}{subsection.4.1.2}
\BOOKMARK [3][-]{subsubsection.4.1.2.60}{\376\377\000m\000\137\000s\000n\000o\000w}{subsection.4.1.2}
\BOOKMARK [3][-]{subsubsection.4.1.2.61}{\376\377\000m\000\137\000t\000o\000t\000a\000l}{subsection.4.1.2}
\BOOKMARK [3][-]{subsubsection.4.1.2.62}{\376\377\000m\000e\000l\000t\000\137\000t\000h\000i\000c\000k}{subsection.4.1.2}
\BOOKMARK [3][-]{subsubsection.4.1.2.63}{\376\377\000N\000\137\000a\000c\000t\000i\000v\000e}{subsection.4.1.2}
\BOOKMARK [3][-]{subsubsection.4.1.2.64}{\376\377\000N\000\137\000b\000g\000c}{subsection.4.1.2}
\BOOKMARK [3][-]{subsubsection.4.1.2.65}{\376\377\000N\000\137\000b\000o\000t\000t\000o\000m}{subsection.4.1.2}
\BOOKMARK [3][-]{subsubsection.4.1.2.66}{\376\377\000N\000\137\000m\000i\000d\000d\000l\000e}{subsection.4.1.2}
\BOOKMARK [3][-]{subsubsection.4.1.2.67}{\376\377\000n\000\137\000t\000i\000m\000e\000\137\000o\000u\000t}{subsection.4.1.2}
\BOOKMARK [3][-]{subsubsection.4.1.2.68}{\376\377\000N\000\137\000t\000o\000p}{subsection.4.1.2}
\BOOKMARK [3][-]{subsubsection.4.1.2.69}{\376\377\000N\000l\000a\000y\000e\000r}{subsection.4.1.2}
\BOOKMARK [3][-]{subsubsection.4.1.2.70}{\376\377\000p\000e\000r\000m}{subsection.4.1.2}
\BOOKMARK [3][-]{subsubsection.4.1.2.71}{\376\377\000p\000h\000i}{subsection.4.1.2}
\BOOKMARK [3][-]{subsubsection.4.1.2.72}{\376\377\000p\000h\000i\000\137\000s}{subsection.4.1.2}
\BOOKMARK [3][-]{subsubsection.4.1.2.73}{\376\377\000p\000r\000e\000c\000i\000p\000\137\000f\000l\000a\000g}{subsection.4.1.2}
\BOOKMARK [3][-]{subsubsection.4.1.2.74}{\376\377\000p\000r\000e\000c\000i\000p\000\137\000i\000n\000p\000u\000t}{subsection.4.1.2}
\BOOKMARK [3][-]{subsubsection.4.1.2.75}{\376\377\000p\000r\000e\000s\000c\000r\000i\000b\000e\000\137\000f\000l\000a\000g}{subsection.4.1.2}
\BOOKMARK [3][-]{subsubsection.4.1.2.76}{\376\377\000p\000s\000i\000\137\000g}{subsection.4.1.2}
\BOOKMARK [3][-]{subsubsection.4.1.2.77}{\376\377\000p\000s\000i\000\137\000g\000\137\000s\000n\000o\000w}{subsection.4.1.2}
\BOOKMARK [3][-]{subsubsection.4.1.2.78}{\376\377\000p\000s\000i\000\137\000l}{subsection.4.1.2}
\BOOKMARK [3][-]{subsubsection.4.1.2.79}{\376\377\000p\000s\000i\000\137\000l\000\137\000s\000n\000o\000w}{subsection.4.1.2}
\BOOKMARK [3][-]{subsubsection.4.1.2.80}{\376\377\000p\000s\000i\000\137\000s}{subsection.4.1.2}
\BOOKMARK [3][-]{subsubsection.4.1.2.81}{\376\377\000p\000s\000i\000\137\000s\000\137\000s\000n\000o\000w}{subsection.4.1.2}
\BOOKMARK [3][-]{subsubsection.4.1.2.82}{\376\377\000Q}{subsection.4.1.2}
\BOOKMARK [3][-]{subsubsection.4.1.2.83}{\376\377\000r\000a\000y}{subsection.4.1.2}
\BOOKMARK [3][-]{subsubsection.4.1.2.84}{\376\377\000S\000\137\000a\000b\000s}{subsection.4.1.2}
\BOOKMARK [3][-]{subsubsection.4.1.2.85}{\376\377\000S\000\137\000a\000b\000s\000\137\000s\000n\000o\000w}{subsection.4.1.2}
\BOOKMARK [3][-]{subsubsection.4.1.2.86}{\376\377\000S\000\137\000b\000r}{subsection.4.1.2}
\BOOKMARK [3][-]{subsubsection.4.1.2.87}{\376\377\000S\000\137\000b\000u}{subsection.4.1.2}
\BOOKMARK [3][-]{subsubsection.4.1.2.88}{\376\377\000S\000\137\000b\000u\000\137\000b\000o\000t\000t\000o\000m}{subsection.4.1.2}
\BOOKMARK [3][-]{subsubsection.4.1.2.89}{\376\377\000S\000\137\000t\000o\000t\000a\000l}{subsection.4.1.2}
\BOOKMARK [3][-]{subsubsection.4.1.2.90}{\376\377\000s\000a\000l\000t\000\137\000f\000l\000a\000g}{subsection.4.1.2}
\BOOKMARK [3][-]{subsubsection.4.1.2.91}{\376\377\000s\000o\000l\000i\000d\000\137\000p\000r\000e\000c\000i\000p}{subsection.4.1.2}
\BOOKMARK [3][-]{subsubsection.4.1.2.92}{\376\377\000s\000u\000r\000f\000a\000c\000e\000\137\000w\000a\000t\000e\000r}{subsection.4.1.2}
\BOOKMARK [3][-]{subsubsection.4.1.2.93}{\376\377\000T}{subsection.4.1.2}
\BOOKMARK [3][-]{subsubsection.4.1.2.94}{\376\377\000T\0002\000m}{subsection.4.1.2}
\BOOKMARK [3][-]{subsubsection.4.1.2.95}{\376\377\000T\0002\000m\000\137\000i\000n\000p\000u\000t}{subsection.4.1.2}
\BOOKMARK [3][-]{subsubsection.4.1.2.96}{\376\377\000T\000\137\000b\000o\000t\000t\000o\000m}{subsection.4.1.2}
\BOOKMARK [3][-]{subsubsection.4.1.2.97}{\376\377\000T\000\137\000f\000r\000e\000e\000z\000e}{subsection.4.1.2}
\BOOKMARK [3][-]{subsubsection.4.1.2.98}{\376\377\000T\000\137\000s\000n\000o\000w}{subsection.4.1.2}
\BOOKMARK [3][-]{subsubsection.4.1.2.99}{\376\377\000T\000\137\000t\000e\000s\000t}{subsection.4.1.2}
\BOOKMARK [3][-]{subsubsection.4.1.2.100}{\376\377\000T\000\137\000t\000o\000p}{subsection.4.1.2}
\BOOKMARK [3][-]{subsubsection.4.1.2.101}{\376\377\000t\000a\000n\000k\000\137\000d\000e\000p\000t\000h}{subsection.4.1.2}
\BOOKMARK [3][-]{subsubsection.4.1.2.102}{\376\377\000t\000a\000n\000k\000\137\000f\000l\000a\000g}{subsection.4.1.2}
\BOOKMARK [3][-]{subsubsection.4.1.2.103}{\376\377\000t\000h\000i\000c\000k}{subsection.4.1.2}
\BOOKMARK [3][-]{subsubsection.4.1.2.104}{\376\377\000t\000h\000i\000c\000k\000\137\0000}{subsection.4.1.2}
\BOOKMARK [3][-]{subsubsection.4.1.2.105}{\376\377\000t\000h\000i\000c\000k\000\137\000m\000i\000n}{subsection.4.1.2}
\BOOKMARK [3][-]{subsubsection.4.1.2.106}{\376\377\000t\000h\000i\000c\000k\000\137\000s\000n\000o\000w}{subsection.4.1.2}
\BOOKMARK [3][-]{subsubsection.4.1.2.107}{\376\377\000t\000h\000i\000c\000k\000n\000e\000s\000s}{subsection.4.1.2}
\BOOKMARK [3][-]{subsubsection.4.1.2.108}{\376\377\000t\000i\000m\000e}{subsection.4.1.2}
\BOOKMARK [3][-]{subsubsection.4.1.2.109}{\376\377\000t\000i\000m\000e\000\137\000c\000o\000u\000n\000t\000e\000r}{subsection.4.1.2}
\BOOKMARK [3][-]{subsubsection.4.1.2.110}{\376\377\000t\000i\000m\000e\000\137\000i\000n\000p\000u\000t}{subsection.4.1.2}
\BOOKMARK [3][-]{subsubsection.4.1.2.111}{\376\377\000t\000i\000m\000e\000\137\000o\000u\000t}{subsection.4.1.2}
\BOOKMARK [3][-]{subsubsection.4.1.2.112}{\376\377\000t\000i\000m\000e\000\137\000t\000o\000t\000a\000l}{subsection.4.1.2}
\BOOKMARK [3][-]{subsubsection.4.1.2.113}{\376\377\000T\000i\000n\000p\000u\000t}{subsection.4.1.2}
\BOOKMARK [3][-]{subsubsection.4.1.2.114}{\376\377\000t\000o\000t\000a\000l\000\137\000r\000e\000s\000i\000s\000t}{subsection.4.1.2}
\BOOKMARK [3][-]{subsubsection.4.1.2.115}{\376\377\000t\000u\000r\000b\000\137\000f\000l\000a\000g}{subsection.4.1.2}
\BOOKMARK [3][-]{subsubsection.4.1.2.116}{\376\377\000V\000\137\000e\000x}{subsection.4.1.2}
\BOOKMARK [3][-]{subsubsection.4.1.2.117}{\376\377\000V\000\137\000g}{subsection.4.1.2}
\BOOKMARK [3][-]{subsubsection.4.1.2.118}{\376\377\000V\000\137\000l}{subsection.4.1.2}
\BOOKMARK [3][-]{subsubsection.4.1.2.119}{\376\377\000V\000\137\000s}{subsection.4.1.2}
\BOOKMARK [1][-]{section.4.2}{\376\377\000m\000o\000\137\000f\000l\000o\000o\000d\000\040\000M\000o\000d\000u\000l\000e\000\040\000R\000e\000f\000e\000r\000e\000n\000c\000e}{chapter.4}
\BOOKMARK [2][-]{subsection.4.2.1}{\376\377\000D\000e\000t\000a\000i\000l\000e\000d\000\040\000D\000e\000s\000c\000r\000i\000p\000t\000i\000o\000n}{section.4.2}
\BOOKMARK [2][-]{subsection.4.2.2}{\376\377\000F\000u\000n\000c\000t\000i\000o\000n\000/\000S\000u\000b\000r\000o\000u\000t\000i\000n\000e\000\040\000D\000o\000c\000u\000m\000e\000n\000t\000a\000t\000i\000o\000n}{section.4.2}
\BOOKMARK [3][-]{subsubsection.4.2.2.1}{\376\377\000f\000l\000o\000o\000d}{subsection.4.2.2}
\BOOKMARK [3][-]{subsubsection.4.2.2.2}{\376\377\000f\000l\000o\000o\000d\000\137\000s\000i\000m\000p\000l\000e}{subsection.4.2.2}
\BOOKMARK [1][-]{section.4.3}{\376\377\000m\000o\000\137\000f\000l\000u\000s\000h\000\040\000M\000o\000d\000u\000l\000e\000\040\000R\000e\000f\000e\000r\000e\000n\000c\000e}{chapter.4}
\BOOKMARK [2][-]{subsection.4.3.1}{\376\377\000D\000e\000t\000a\000i\000l\000e\000d\000\040\000D\000e\000s\000c\000r\000i\000p\000t\000i\000o\000n}{section.4.3}
\BOOKMARK [2][-]{subsection.4.3.2}{\376\377\000F\000u\000n\000c\000t\000i\000o\000n\000/\000S\000u\000b\000r\000o\000u\000t\000i\000n\000e\000\040\000D\000o\000c\000u\000m\000e\000n\000t\000a\000t\000i\000o\000n}{section.4.3}
\BOOKMARK [3][-]{subsubsection.4.3.2.1}{\376\377\000f\000l\000u\000s\000h\0003}{subsection.4.3.2}
\BOOKMARK [3][-]{subsubsection.4.3.2.2}{\376\377\000f\000l\000u\000s\000h\0004}{subsection.4.3.2}
\BOOKMARK [1][-]{section.4.4}{\376\377\000m\000o\000\137\000f\000u\000n\000c\000t\000i\000o\000n\000s\000\040\000M\000o\000d\000u\000l\000e\000\040\000R\000e\000f\000e\000r\000e\000n\000c\000e}{chapter.4}
\BOOKMARK [2][-]{subsection.4.4.1}{\376\377\000D\000e\000t\000a\000i\000l\000e\000d\000\040\000D\000e\000s\000c\000r\000i\000p\000t\000i\000o\000n}{section.4.4}
\BOOKMARK [2][-]{subsection.4.4.2}{\376\377\000F\000u\000n\000c\000t\000i\000o\000n\000/\000S\000u\000b\000r\000o\000u\000t\000i\000n\000e\000\040\000D\000o\000c\000u\000m\000e\000n\000t\000a\000t\000i\000o\000n}{section.4.4}
\BOOKMARK [3][-]{subsubsection.4.4.2.1}{\376\377\000f\000u\000n\000c\000\137\000a\000l\000b\000e\000d\000o}{subsection.4.4.2}
\BOOKMARK [3][-]{subsubsection.4.4.2.2}{\376\377\000f\000u\000n\000c\000\137\000d\000e\000n\000s\000i\000t\000y}{subsection.4.4.2}
\BOOKMARK [3][-]{subsubsection.4.4.2.3}{\376\377\000f\000u\000n\000c\000\137\000f\000r\000e\000e\000b\000o\000a\000r\000d}{subsection.4.4.2}
\BOOKMARK [3][-]{subsubsection.4.4.2.4}{\376\377\000f\000u\000n\000c\000\137\000s\000a\000t\000\137\000O\0002}{subsection.4.4.2}
\BOOKMARK [3][-]{subsubsection.4.4.2.5}{\376\377\000f\000u\000n\000c\000\137\000T\000\137\000f\000r\000e\000e\000z\000e}{subsection.4.4.2}
\BOOKMARK [3][-]{subsubsection.4.4.2.6}{\376\377\000s\000u\000b\000\137\000i\000n\000p\000u\000t}{subsection.4.4.2}
\BOOKMARK [3][-]{subsubsection.4.4.2.7}{\376\377\000s\000u\000b\000\137\000m\000e\000l\000t\000\137\000s\000n\000o\000w}{subsection.4.4.2}
\BOOKMARK [3][-]{subsubsection.4.4.2.8}{\376\377\000s\000u\000b\000\137\000m\000e\000l\000t\000\137\000t\000h\000i\000c\000k}{subsection.4.4.2}
\BOOKMARK [3][-]{subsubsection.4.4.2.9}{\376\377\000s\000u\000b\000\137\000n\000o\000t\000z\000f\000l\000u\000x}{subsection.4.4.2}
\BOOKMARK [3][-]{subsubsection.4.4.2.10}{\376\377\000s\000u\000b\000\137\000t\000u\000r\000b\000\137\000f\000l\000u\000x}{subsection.4.4.2}
\BOOKMARK [1][-]{section.4.5}{\376\377\000m\000o\000\137\000g\000r\000a\000v\000\137\000d\000r\000a\000i\000n\000\040\000M\000o\000d\000u\000l\000e\000\040\000R\000e\000f\000e\000r\000e\000n\000c\000e}{chapter.4}
\BOOKMARK [2][-]{subsection.4.5.1}{\376\377\000D\000e\000t\000a\000i\000l\000e\000d\000\040\000D\000e\000s\000c\000r\000i\000p\000t\000i\000o\000n}{section.4.5}
\BOOKMARK [2][-]{subsection.4.5.2}{\376\377\000F\000u\000n\000c\000t\000i\000o\000n\000/\000S\000u\000b\000r\000o\000u\000t\000i\000n\000e\000\040\000D\000o\000c\000u\000m\000e\000n\000t\000a\000t\000i\000o\000n}{section.4.5}
\BOOKMARK [3][-]{subsubsection.4.5.2.1}{\376\377\000f\000l\000\137\000g\000r\000a\000v\000\137\000d\000r\000a\000i\000n}{subsection.4.5.2}
\BOOKMARK [3][-]{subsubsection.4.5.2.2}{\376\377\000f\000l\000\137\000g\000r\000a\000v\000\137\000d\000r\000a\000i\000n\000\137\000s\000i\000m\000p\000l\000e}{subsection.4.5.2}
\BOOKMARK [1][-]{section.4.6}{\376\377\000m\000o\000\137\000g\000r\000o\000t\000z\000\040\000M\000o\000d\000u\000l\000e\000\040\000R\000e\000f\000e\000r\000e\000n\000c\000e}{chapter.4}
\BOOKMARK [2][-]{subsection.4.6.1}{\376\377\000D\000e\000t\000a\000i\000l\000e\000d\000\040\000D\000e\000s\000c\000r\000i\000p\000t\000i\000o\000n}{section.4.6}
\BOOKMARK [2][-]{subsection.4.6.2}{\376\377\000F\000u\000n\000c\000t\000i\000o\000n\000/\000S\000u\000b\000r\000o\000u\000t\000i\000n\000e\000\040\000D\000o\000c\000u\000m\000e\000n\000t\000a\000t\000i\000o\000n}{section.4.6}
\BOOKMARK [3][-]{subsubsection.4.6.2.1}{\376\377\000g\000r\000o\000t\000z}{subsection.4.6.2}
\BOOKMARK [1][-]{section.4.7}{\376\377\000m\000o\000\137\000h\000e\000a\000t\000\137\000f\000l\000u\000x\000e\000s\000\040\000M\000o\000d\000u\000l\000e\000\040\000R\000e\000f\000e\000r\000e\000n\000c\000e}{chapter.4}
\BOOKMARK [2][-]{subsection.4.7.1}{\376\377\000D\000e\000t\000a\000i\000l\000e\000d\000\040\000D\000e\000s\000c\000r\000i\000p\000t\000i\000o\000n}{section.4.7}
\BOOKMARK [2][-]{subsection.4.7.2}{\376\377\000F\000u\000n\000c\000t\000i\000o\000n\000/\000S\000u\000b\000r\000o\000u\000t\000i\000n\000e\000\040\000D\000o\000c\000u\000m\000e\000n\000t\000a\000t\000i\000o\000n}{section.4.7}
\BOOKMARK [3][-]{subsubsection.4.7.2.1}{\376\377\000s\000u\000b\000\137\000h\000e\000a\000t\000\137\000f\000l\000u\000x\000e\000s}{subsection.4.7.2}
\BOOKMARK [1][-]{section.4.8}{\376\377\000m\000o\000\137\000i\000n\000i\000t\000\040\000M\000o\000d\000u\000l\000e\000\040\000R\000e\000f\000e\000r\000e\000n\000c\000e}{chapter.4}
\BOOKMARK [2][-]{subsection.4.8.1}{\376\377\000D\000e\000t\000a\000i\000l\000e\000d\000\040\000D\000e\000s\000c\000r\000i\000p\000t\000i\000o\000n}{section.4.8}
\BOOKMARK [2][-]{subsection.4.8.2}{\376\377\000F\000u\000n\000c\000t\000i\000o\000n\000/\000S\000u\000b\000r\000o\000u\000t\000i\000n\000e\000\040\000D\000o\000c\000u\000m\000e\000n\000t\000a\000t\000i\000o\000n}{section.4.8}
\BOOKMARK [3][-]{subsubsection.4.8.2.1}{\376\377\000i\000n\000i\000t}{subsection.4.8.2}
\BOOKMARK [3][-]{subsubsection.4.8.2.2}{\376\377\000s\000u\000b\000\137\000a\000l\000l\000o\000c\000a\000t\000e}{subsection.4.8.2}
\BOOKMARK [3][-]{subsubsection.4.8.2.3}{\376\377\000s\000u\000b\000\137\000a\000l\000l\000o\000c\000a\000t\000e\000\137\000b\000g\000c}{subsection.4.8.2}
\BOOKMARK [3][-]{subsubsection.4.8.2.4}{\376\377\000s\000u\000b\000\137\000d\000e\000a\000l\000l\000o\000c\000a\000t\000e}{subsection.4.8.2}
\BOOKMARK [1][-]{section.4.9}{\376\377\000m\000o\000\137\000l\000a\000y\000e\000r\000\137\000d\000y\000n\000a\000m\000i\000c\000s\000\040\000M\000o\000d\000u\000l\000e\000\040\000R\000e\000f\000e\000r\000e\000n\000c\000e}{chapter.4}
\BOOKMARK [2][-]{subsection.4.9.1}{\376\377\000D\000e\000t\000a\000i\000l\000e\000d\000\040\000D\000e\000s\000c\000r\000i\000p\000t\000i\000o\000n}{section.4.9}
\BOOKMARK [2][-]{subsection.4.9.2}{\376\377\000F\000u\000n\000c\000t\000i\000o\000n\000/\000S\000u\000b\000r\000o\000u\000t\000i\000n\000e\000\040\000D\000o\000c\000u\000m\000e\000n\000t\000a\000t\000i\000o\000n}{section.4.9}
\BOOKMARK [3][-]{subsubsection.4.9.2.1}{\376\377\000l\000a\000y\000e\000r\000\137\000d\000y\000n\000a\000m\000i\000c\000s}{subsection.4.9.2}
\BOOKMARK [3][-]{subsubsection.4.9.2.2}{\376\377\000t\000o\000p\000\137\000g\000r\000o\000w}{subsection.4.9.2}
\BOOKMARK [3][-]{subsubsection.4.9.2.3}{\376\377\000t\000o\000p\000\137\000m\000e\000l\000t}{subsection.4.9.2}
\BOOKMARK [1][-]{section.4.10}{\376\377\000m\000o\000\137\000m\000a\000s\000s\000\040\000M\000o\000d\000u\000l\000e\000\040\000R\000e\000f\000e\000r\000e\000n\000c\000e}{chapter.4}
\BOOKMARK [2][-]{subsection.4.10.1}{\376\377\000D\000e\000t\000a\000i\000l\000e\000d\000\040\000D\000e\000s\000c\000r\000i\000p\000t\000i\000o\000n}{section.4.10}
\BOOKMARK [2][-]{subsection.4.10.2}{\376\377\000F\000u\000n\000c\000t\000i\000o\000n\000/\000S\000u\000b\000r\000o\000u\000t\000i\000n\000e\000\040\000D\000o\000c\000u\000m\000e\000n\000t\000a\000t\000i\000o\000n}{section.4.10}
\BOOKMARK [3][-]{subsubsection.4.10.2.1}{\376\377\000b\000g\000c\000\137\000a\000d\000v\000e\000c\000t\000i\000o\000n}{subsection.4.10.2}
\BOOKMARK [3][-]{subsubsection.4.10.2.2}{\376\377\000e\000x\000p\000u\000l\000s\000i\000o\000n\000\137\000f\000l\000u\000x}{subsection.4.10.2}
\BOOKMARK [3][-]{subsubsection.4.10.2.3}{\376\377\000m\000a\000s\000s\000\137\000t\000r\000a\000n\000s\000f\000e\000r}{subsection.4.10.2}
\BOOKMARK [1][-]{section.4.11}{\376\377\000m\000o\000\137\000o\000u\000t\000p\000u\000t\000\040\000M\000o\000d\000u\000l\000e\000\040\000R\000e\000f\000e\000r\000e\000n\000c\000e}{chapter.4}
\BOOKMARK [2][-]{subsection.4.11.1}{\376\377\000D\000e\000t\000a\000i\000l\000e\000d\000\040\000D\000e\000s\000c\000r\000i\000p\000t\000i\000o\000n}{section.4.11}
\BOOKMARK [2][-]{subsection.4.11.2}{\376\377\000F\000u\000n\000c\000t\000i\000o\000n\000/\000S\000u\000b\000r\000o\000u\000t\000i\000n\000e\000\040\000D\000o\000c\000u\000m\000e\000n\000t\000a\000t\000i\000o\000n}{section.4.11}
\BOOKMARK [3][-]{subsubsection.4.11.2.1}{\376\377\000o\000u\000t\000p\000u\000t}{subsection.4.11.2}
\BOOKMARK [3][-]{subsubsection.4.11.2.2}{\376\377\000o\000u\000t\000p\000u\000t\000\137\000b\000e\000g\000i\000n}{subsection.4.11.2}
\BOOKMARK [3][-]{subsubsection.4.11.2.3}{\376\377\000o\000u\000t\000p\000u\000t\000\137\000b\000e\000g\000i\000n\000\137\000b\000g\000c}{subsection.4.11.2}
\BOOKMARK [3][-]{subsubsection.4.11.2.4}{\376\377\000o\000u\000t\000p\000u\000t\000\137\000b\000g\000c}{subsection.4.11.2}
\BOOKMARK [3][-]{subsubsection.4.11.2.5}{\376\377\000o\000u\000t\000p\000u\000t\000\137\000r\000a\000w}{subsection.4.11.2}
\BOOKMARK [3][-]{subsubsection.4.11.2.6}{\376\377\000o\000u\000t\000p\000u\000t\000\137\000r\000a\000w\000\137\000l\000a\000y}{subsection.4.11.2}
\BOOKMARK [3][-]{subsubsection.4.11.2.7}{\376\377\000o\000u\000t\000p\000u\000t\000\137\000r\000a\000w\000\137\000s\000n\000o\000w}{subsection.4.11.2}
\BOOKMARK [3][-]{subsubsection.4.11.2.8}{\376\377\000o\000u\000t\000p\000u\000t\000\137\000s\000e\000t\000t\000i\000n\000g\000s}{subsection.4.11.2}
\BOOKMARK [1][-]{section.4.12}{\376\377\000m\000o\000\137\000p\000a\000r\000a\000m\000e\000t\000e\000r\000s\000\040\000M\000o\000d\000u\000l\000e\000\040\000R\000e\000f\000e\000r\000e\000n\000c\000e}{chapter.4}
\BOOKMARK [2][-]{subsection.4.12.1}{\376\377\000D\000e\000t\000a\000i\000l\000e\000d\000\040\000D\000e\000s\000c\000r\000i\000p\000t\000i\000o\000n}{section.4.12}
\BOOKMARK [2][-]{subsection.4.12.2}{\376\377\000V\000a\000r\000i\000a\000b\000l\000e\000\040\000D\000o\000c\000u\000m\000e\000n\000t\000a\000t\000i\000o\000n}{section.4.12}
\BOOKMARK [3][-]{subsubsection.4.12.2.1}{\376\377\000b\000b\000e\000t\000a}{subsection.4.12.2}
\BOOKMARK [3][-]{subsubsection.4.12.2.2}{\376\377\000c\000\137\000l}{subsection.4.12.2}
\BOOKMARK [3][-]{subsubsection.4.12.2.3}{\376\377\000c\000\137\000s}{subsection.4.12.2}
\BOOKMARK [3][-]{subsubsection.4.12.2.4}{\376\377\000c\000\137\000s\000\137\000b\000e\000t\000a}{subsection.4.12.2}
\BOOKMARK [3][-]{subsubsection.4.12.2.5}{\376\377\000e\000m\000i\000s\000s\000i\000v\000i\000t\000y\000\137\000i\000c\000e}{subsection.4.12.2}
\BOOKMARK [3][-]{subsubsection.4.12.2.6}{\376\377\000e\000m\000i\000s\000s\000i\000v\000i\000t\000y\000\137\000s\000n\000o\000w}{subsection.4.12.2}
\BOOKMARK [3][-]{subsubsection.4.12.2.7}{\376\377\000e\000x\000t\000i\000n\000c}{subsection.4.12.2}
\BOOKMARK [3][-]{subsubsection.4.12.2.8}{\376\377\000g\000a\000s\000\137\000s\000n\000o\000w\000\137\000i\000c\000e}{subsection.4.12.2}
\BOOKMARK [3][-]{subsubsection.4.12.2.9}{\376\377\000g\000a\000s\000\137\000s\000n\000o\000w\000\137\000i\000c\000e\0002}{subsection.4.12.2}
\BOOKMARK [3][-]{subsubsection.4.12.2.10}{\376\377\000g\000r\000a\000v}{subsection.4.12.2}
\BOOKMARK [3][-]{subsubsection.4.12.2.11}{\376\377\000k\000\137\000l}{subsection.4.12.2}
\BOOKMARK [3][-]{subsubsection.4.12.2.12}{\376\377\000k\000\137\000s}{subsection.4.12.2}
\BOOKMARK [3][-]{subsubsection.4.12.2.13}{\376\377\000k\000a\000p\000p\000a\000\137\000l}{subsection.4.12.2}
\BOOKMARK [3][-]{subsubsection.4.12.2.14}{\376\377\000l\000a\000t\000e\000n\000t\000\137\000h\000e\000a\000t}{subsection.4.12.2}
\BOOKMARK [3][-]{subsubsection.4.12.2.15}{\376\377\000m\000a\000x\000\137\000f\000l\000u\000x\000\137\000p\000l\000a\000t\000e}{subsection.4.12.2}
\BOOKMARK [3][-]{subsubsection.4.12.2.16}{\376\377\000m\000u}{subsection.4.12.2}
\BOOKMARK [3][-]{subsubsection.4.12.2.17}{\376\377\000n\000e\000g\000\137\000f\000r\000e\000e}{subsection.4.12.2}
\BOOKMARK [3][-]{subsubsection.4.12.2.18}{\376\377\000p\000a\000r\000a\000\137\000f\000l\000u\000s\000h\000\137\000g\000a\000m\000m\000a}{subsection.4.12.2}
\BOOKMARK [3][-]{subsubsection.4.12.2.19}{\376\377\000p\000a\000r\000a\000\137\000f\000l\000u\000s\000h\000\137\000h\000o\000r\000i\000z}{subsection.4.12.2}
\BOOKMARK [3][-]{subsubsection.4.12.2.20}{\376\377\000p\000e\000n\000e\000t\000r}{subsection.4.12.2}
\BOOKMARK [3][-]{subsubsection.4.12.2.21}{\376\377\000p\000i}{subsection.4.12.2}
\BOOKMARK [3][-]{subsubsection.4.12.2.22}{\376\377\000p\000s\000i\000\137\000s\000\137\000m\000i\000n}{subsection.4.12.2}
\BOOKMARK [3][-]{subsubsection.4.12.2.23}{\376\377\000p\000s\000i\000\137\000s\000\137\000t\000o\000p\000\137\000m\000i\000n}{subsection.4.12.2}
\BOOKMARK [3][-]{subsubsection.4.12.2.24}{\376\377\000r\000a\000t\000i\000o\000\137\000f\000l\000o\000o\000d}{subsection.4.12.2}
\BOOKMARK [3][-]{subsubsection.4.12.2.25}{\376\377\000r\000a\000y\000\137\000c\000r\000i\000t}{subsection.4.12.2}
\BOOKMARK [3][-]{subsubsection.4.12.2.26}{\376\377\000r\000e\000f\000\137\000s\000a\000l\000i\000n\000i\000t\000y}{subsection.4.12.2}
\BOOKMARK [3][-]{subsubsection.4.12.2.27}{\376\377\000r\000h\000o\000\137\000l}{subsection.4.12.2}
\BOOKMARK [3][-]{subsubsection.4.12.2.28}{\376\377\000r\000h\000o\000\137\000s}{subsection.4.12.2}
\BOOKMARK [3][-]{subsubsection.4.12.2.29}{\376\377\000r\000h\000o\000\137\000s\000n\000o\000w}{subsection.4.12.2}
\BOOKMARK [3][-]{subsubsection.4.12.2.30}{\376\377\000s\000i\000g\000m\000a}{subsection.4.12.2}
\BOOKMARK [3][-]{subsubsection.4.12.2.31}{\376\377\000T\000u\000r\000b\000\137\000A}{subsection.4.12.2}
\BOOKMARK [3][-]{subsubsection.4.12.2.32}{\376\377\000T\000u\000r\000b\000\137\000B}{subsection.4.12.2}
\BOOKMARK [3][-]{subsubsection.4.12.2.33}{\376\377\000w\000p}{subsection.4.12.2}
\BOOKMARK [3][-]{subsubsection.4.12.2.34}{\376\377\000x\000\137\000g\000r\000a\000v}{subsection.4.12.2}
\BOOKMARK [3][-]{subsubsection.4.12.2.35}{\376\377\000z\000e\000r\000o\000K}{subsection.4.12.2}
\BOOKMARK [1][-]{section.4.13}{\376\377\000m\000o\000\137\000s\000n\000o\000w\000\040\000M\000o\000d\000u\000l\000e\000\040\000R\000e\000f\000e\000r\000e\000n\000c\000e}{chapter.4}
\BOOKMARK [2][-]{subsection.4.13.1}{\376\377\000D\000e\000t\000a\000i\000l\000e\000d\000\040\000D\000e\000s\000c\000r\000i\000p\000t\000i\000o\000n}{section.4.13}
\BOOKMARK [2][-]{subsection.4.13.2}{\376\377\000F\000u\000n\000c\000t\000i\000o\000n\000/\000S\000u\000b\000r\000o\000u\000t\000i\000n\000e\000\040\000D\000o\000c\000u\000m\000e\000n\000t\000a\000t\000i\000o\000n}{section.4.13}
\BOOKMARK [3][-]{subsubsection.4.13.2.1}{\376\377\000f\000u\000n\000c\000\137\000k\000\137\000s\000n\000o\000w}{subsection.4.13.2}
\BOOKMARK [3][-]{subsubsection.4.13.2.2}{\376\377\000s\000n\000o\000w\000\137\000c\000o\000u\000p\000l\000i\000n\000g}{subsection.4.13.2}
\BOOKMARK [3][-]{subsubsection.4.13.2.3}{\376\377\000s\000n\000o\000w\000\137\000p\000r\000e\000c\000i\000p}{subsection.4.13.2}
\BOOKMARK [3][-]{subsubsection.4.13.2.4}{\376\377\000s\000n\000o\000w\000\137\000p\000r\000e\000c\000i\000p\000\137\0000}{subsection.4.13.2}
\BOOKMARK [3][-]{subsubsection.4.13.2.5}{\376\377\000s\000n\000o\000w\000\137\000t\000h\000e\000r\000m\000o}{subsection.4.13.2}
\BOOKMARK [3][-]{subsubsection.4.13.2.6}{\376\377\000s\000u\000b\000\137\000f\000l\000\137\000Q\000\137\0000\000\137\000s\000n\000o\000w}{subsection.4.13.2}
\BOOKMARK [3][-]{subsubsection.4.13.2.7}{\376\377\000s\000u\000b\000\137\000f\000l\000\137\000Q\000\137\0000\000\137\000s\000n\000o\000w\000\137\000t\000h\000i\000n}{subsection.4.13.2}
\BOOKMARK [3][-]{subsubsection.4.13.2.8}{\376\377\000s\000u\000b\000\137\000f\000l\000\137\000Q\000\137\000s\000n\000o\000w}{subsection.4.13.2}
\BOOKMARK [1][-]{section.4.14}{\376\377\000m\000o\000\137\000t\000e\000s\000t\000c\000a\000s\000e\000\137\000s\000p\000e\000c\000i\000f\000i\000c\000s\000\040\000M\000o\000d\000u\000l\000e\000\040\000R\000e\000f\000e\000r\000e\000n\000c\000e}{chapter.4}
\BOOKMARK [2][-]{subsection.4.14.1}{\376\377\000D\000e\000t\000a\000i\000l\000e\000d\000\040\000D\000e\000s\000c\000r\000i\000p\000t\000i\000o\000n}{section.4.14}
\BOOKMARK [2][-]{subsection.4.14.2}{\376\377\000F\000u\000n\000c\000t\000i\000o\000n\000/\000S\000u\000b\000r\000o\000u\000t\000i\000n\000e\000\040\000D\000o\000c\000u\000m\000e\000n\000t\000a\000t\000i\000o\000n}{section.4.14}
\BOOKMARK [3][-]{subsubsection.4.14.2.1}{\376\377\000s\000u\000b\000\137\000t\000e\000s\000t\0001}{subsection.4.14.2}
\BOOKMARK [3][-]{subsubsection.4.14.2.2}{\376\377\000s\000u\000b\000\137\000t\000e\000s\000t\0002}{subsection.4.14.2}
\BOOKMARK [3][-]{subsubsection.4.14.2.3}{\376\377\000s\000u\000b\000\137\000t\000e\000s\000t\0003}{subsection.4.14.2}
\BOOKMARK [3][-]{subsubsection.4.14.2.4}{\376\377\000s\000u\000b\000\137\000t\000e\000s\000t\0004}{subsection.4.14.2}
\BOOKMARK [3][-]{subsubsection.4.14.2.5}{\376\377\000s\000u\000b\000\137\000t\000e\000s\000t\0006}{subsection.4.14.2}
\BOOKMARK [0][-]{chapter.5}{\376\377\000F\000i\000l\000e\000\040\000D\000o\000c\000u\000m\000e\000n\000t\000a\000t\000i\000o\000n}{}
\BOOKMARK [1][-]{section.5.1}{\376\377\000m\000i\000n\000p\000a\000c\000k\000.\000f\0009\0000\000\040\000F\000i\000l\000e\000\040\000R\000e\000f\000e\000r\000e\000n\000c\000e}{chapter.5}
\BOOKMARK [2][-]{subsection.5.1.1}{\376\377\000F\000u\000n\000c\000t\000i\000o\000n\000\040\000D\000o\000c\000u\000m\000e\000n\000t\000a\000t\000i\000o\000n}{section.5.1}
\BOOKMARK [3][-]{subsubsection.5.1.1.1}{\376\377\000c\000h\000k\000d\000e\000r}{subsection.5.1.1}
\BOOKMARK [3][-]{subsubsection.5.1.1.2}{\376\377\000d\000o\000g\000l\000e\000g}{subsection.5.1.1}
\BOOKMARK [3][-]{subsubsection.5.1.1.3}{\376\377\000e\000n\000o\000r\000m}{subsection.5.1.1}
\BOOKMARK [3][-]{subsubsection.5.1.1.4}{\376\377\000e\000n\000o\000r\000m\0002}{subsection.5.1.1}
\BOOKMARK [3][-]{subsubsection.5.1.1.5}{\376\377\000f\000d\000j\000a\000c\0001}{subsection.5.1.1}
\BOOKMARK [3][-]{subsubsection.5.1.1.6}{\376\377\000f\000d\000j\000a\000c\0002}{subsection.5.1.1}
\BOOKMARK [3][-]{subsubsection.5.1.1.7}{\376\377\000h\000y\000b\000r\000d}{subsection.5.1.1}
\BOOKMARK [3][-]{subsubsection.5.1.1.8}{\376\377\000h\000y\000b\000r\000d\0001}{subsection.5.1.1}
\BOOKMARK [3][-]{subsubsection.5.1.1.9}{\376\377\000h\000y\000b\000r\000j}{subsection.5.1.1}
\BOOKMARK [3][-]{subsubsection.5.1.1.10}{\376\377\000h\000y\000b\000r\000j\0001}{subsection.5.1.1}
\BOOKMARK [3][-]{subsubsection.5.1.1.11}{\376\377\000l\000m\000d\000e\000r}{subsection.5.1.1}
\BOOKMARK [3][-]{subsubsection.5.1.1.12}{\376\377\000l\000m\000d\000e\000r\0001}{subsection.5.1.1}
\BOOKMARK [3][-]{subsubsection.5.1.1.13}{\376\377\000l\000m\000d\000i\000f}{subsection.5.1.1}
\BOOKMARK [3][-]{subsubsection.5.1.1.14}{\376\377\000l\000m\000d\000i\000f\0001}{subsection.5.1.1}
\BOOKMARK [3][-]{subsubsection.5.1.1.15}{\376\377\000l\000m\000p\000a\000r}{subsection.5.1.1}
\BOOKMARK [3][-]{subsubsection.5.1.1.16}{\376\377\000l\000m\000s\000t\000r}{subsection.5.1.1}
\BOOKMARK [3][-]{subsubsection.5.1.1.17}{\376\377\000l\000m\000s\000t\000r\0001}{subsection.5.1.1}
\BOOKMARK [3][-]{subsubsection.5.1.1.18}{\376\377\000q\000f\000o\000r\000m}{subsection.5.1.1}
\BOOKMARK [3][-]{subsubsection.5.1.1.19}{\376\377\000q\000r\000f\000a\000c}{subsection.5.1.1}
\BOOKMARK [3][-]{subsubsection.5.1.1.20}{\376\377\000q\000r\000s\000o\000l\000v}{subsection.5.1.1}
\BOOKMARK [3][-]{subsubsection.5.1.1.21}{\376\377\000r\0001\000m\000p\000y\000q}{subsection.5.1.1}
\BOOKMARK [3][-]{subsubsection.5.1.1.22}{\376\377\000r\0001\000u\000p\000d\000t}{subsection.5.1.1}
\BOOKMARK [3][-]{subsubsection.5.1.1.23}{\376\377\000r\0008\000v\000e\000c\000\137\000p\000r\000i\000n\000t}{subsection.5.1.1}
\BOOKMARK [3][-]{subsubsection.5.1.1.24}{\376\377\000r\000w\000u\000p\000d\000t}{subsection.5.1.1}
\BOOKMARK [3][-]{subsubsection.5.1.1.25}{\376\377\000t\000i\000m\000e\000s\000t\000a\000m\000p}{subsection.5.1.1}
\BOOKMARK [1][-]{section.5.2}{\376\377\000m\000o\000\137\000d\000a\000t\000a\000.\000f\0009\0000\000\040\000F\000i\000l\000e\000\040\000R\000e\000f\000e\000r\000e\000n\000c\000e}{chapter.5}
\BOOKMARK [1][-]{section.5.3}{\376\377\000m\000o\000\137\000f\000l\000o\000o\000d\000.\000f\0009\0000\000\040\000F\000i\000l\000e\000\040\000R\000e\000f\000e\000r\000e\000n\000c\000e}{chapter.5}
\BOOKMARK [1][-]{section.5.4}{\376\377\000m\000o\000\137\000f\000l\000u\000s\000h\000.\000f\0009\0000\000\040\000F\000i\000l\000e\000\040\000R\000e\000f\000e\000r\000e\000n\000c\000e}{chapter.5}
\BOOKMARK [1][-]{section.5.5}{\376\377\000m\000o\000\137\000f\000u\000n\000c\000t\000i\000o\000n\000s\000.\000f\0009\0000\000\040\000F\000i\000l\000e\000\040\000R\000e\000f\000e\000r\000e\000n\000c\000e}{chapter.5}
\BOOKMARK [1][-]{section.5.6}{\376\377\000m\000o\000\137\000g\000r\000a\000v\000\137\000d\000r\000a\000i\000n\000.\000f\0009\0000\000\040\000F\000i\000l\000e\000\040\000R\000e\000f\000e\000r\000e\000n\000c\000e}{chapter.5}
\BOOKMARK [1][-]{section.5.7}{\376\377\000m\000o\000\137\000g\000r\000o\000t\000z\000.\000f\0009\0000\000\040\000F\000i\000l\000e\000\040\000R\000e\000f\000e\000r\000e\000n\000c\000e}{chapter.5}
\BOOKMARK [1][-]{section.5.8}{\376\377\000m\000o\000\137\000h\000e\000a\000t\000\137\000f\000l\000u\000x\000e\000s\000.\000f\0009\0000\000\040\000F\000i\000l\000e\000\040\000R\000e\000f\000e\000r\000e\000n\000c\000e}{chapter.5}
\BOOKMARK [1][-]{section.5.9}{\376\377\000m\000o\000\137\000i\000n\000i\000t\000.\000f\0009\0000\000\040\000F\000i\000l\000e\000\040\000R\000e\000f\000e\000r\000e\000n\000c\000e}{chapter.5}
\BOOKMARK [1][-]{section.5.10}{\376\377\000m\000o\000\137\000l\000a\000y\000e\000r\000\137\000d\000y\000n\000a\000m\000i\000c\000s\000.\000f\0009\0000\000\040\000F\000i\000l\000e\000\040\000R\000e\000f\000e\000r\000e\000n\000c\000e}{chapter.5}
\BOOKMARK [1][-]{section.5.11}{\376\377\000m\000o\000\137\000m\000a\000s\000s\000.\000f\0009\0000\000\040\000F\000i\000l\000e\000\040\000R\000e\000f\000e\000r\000e\000n\000c\000e}{chapter.5}
\BOOKMARK [1][-]{section.5.12}{\376\377\000m\000o\000\137\000o\000u\000t\000p\000u\000t\000.\000f\0009\0000\000\040\000F\000i\000l\000e\000\040\000R\000e\000f\000e\000r\000e\000n\000c\000e}{chapter.5}
\BOOKMARK [1][-]{section.5.13}{\376\377\000m\000o\000\137\000p\000a\000r\000a\000m\000e\000t\000e\000r\000s\000.\000f\0009\0000\000\040\000F\000i\000l\000e\000\040\000R\000e\000f\000e\000r\000e\000n\000c\000e}{chapter.5}
\BOOKMARK [1][-]{section.5.14}{\376\377\000m\000o\000\137\000s\000n\000o\000w\000.\000f\0009\0000\000\040\000F\000i\000l\000e\000\040\000R\000e\000f\000e\000r\000e\000n\000c\000e}{chapter.5}
\BOOKMARK [1][-]{section.5.15}{\376\377\000m\000o\000\137\000t\000e\000s\000t\000c\000a\000s\000e\000\137\000s\000p\000e\000c\000i\000f\000i\000c\000s\000.\000f\0009\0000\000\040\000F\000i\000l\000e\000\040\000R\000e\000f\000e\000r\000e\000n\000c\000e}{chapter.5}
\BOOKMARK [1][-]{section.5.16}{\376\377\000m\000o\000\137\000t\000h\000e\000r\000m\000o\000\137\000f\000u\000n\000c\000t\000i\000o\000n\000s\000.\000f\0009\0000\000\040\000F\000i\000l\000e\000\040\000R\000e\000f\000e\000r\000e\000n\000c\000e}{chapter.5}
\BOOKMARK [1][-]{section.5.17}{\376\377\000S\000A\000M\000S\000I\000M\000.\000f\0009\0000\000\040\000F\000i\000l\000e\000\040\000R\000e\000f\000e\000r\000e\000n\000c\000e}{chapter.5}
\BOOKMARK [2][-]{subsection.5.17.1}{\376\377\000F\000u\000n\000c\000t\000i\000o\000n\000\040\000D\000o\000c\000u\000m\000e\000n\000t\000a\000t\000i\000o\000n}{section.5.17}
\BOOKMARK [3][-]{subsubsection.5.17.1.1}{\376\377\000S\000A\000M\000S\000I\000M}{subsection.5.17.1}
